mode: set
cyansnbrst/merch-service/cmd/api/main.go:13.13,18.16 3 0
cyansnbrst/merch-service/cmd/api/main.go:18.16,20.3 1 0
cyansnbrst/merch-service/cmd/api/main.go:23.2,24.16 2 0
cyansnbrst/merch-service/cmd/api/main.go:24.16,26.3 1 0
cyansnbrst/merch-service/cmd/api/main.go:27.2,27.15 1 0
cyansnbrst/merch-service/cmd/api/main.go:27.15,28.39 1 0
cyansnbrst/merch-service/cmd/api/main.go:28.39,30.4 1 0
cyansnbrst/merch-service/cmd/api/main.go:34.2,35.16 2 0
cyansnbrst/merch-service/cmd/api/main.go:35.16,37.3 1 0
cyansnbrst/merch-service/cmd/api/main.go:38.2,43.31 4 0
cyansnbrst/merch-service/cmd/api/main.go:43.31,45.3 1 0
cyansnbrst/merch-service/internal/auth/delivery/http/handlers.go:23.77,28.2 1 0
cyansnbrst/merch-service/internal/auth/delivery/http/handlers.go:31.59,33.39 2 0
cyansnbrst/merch-service/internal/auth/delivery/http/handlers.go:33.39,35.3 1 0
cyansnbrst/merch-service/internal/auth/delivery/http/handlers.go:37.2,37.42 1 0
cyansnbrst/merch-service/internal/auth/delivery/http/handlers.go:37.42,39.3 1 0
cyansnbrst/merch-service/internal/auth/delivery/http/handlers.go:41.2,42.16 2 0
cyansnbrst/merch-service/internal/auth/delivery/http/handlers.go:42.16,43.51 1 0
cyansnbrst/merch-service/internal/auth/delivery/http/handlers.go:43.51,45.4 1 0
cyansnbrst/merch-service/internal/auth/delivery/http/handlers.go:46.3,46.50 1 0
cyansnbrst/merch-service/internal/auth/delivery/http/handlers.go:49.2,49.60 1 0
cyansnbrst/merch-service/internal/auth/delivery/http/routes.go:10.57,12.2 1 0
cyansnbrst/merch-service/config/config.go:43.51,47.16 3 0
cyansnbrst/merch-service/config/config.go:47.16,49.3 1 0
cyansnbrst/merch-service/config/config.go:51.2,52.16 2 0
cyansnbrst/merch-service/config/config.go:52.16,54.3 1 0
cyansnbrst/merch-service/config/config.go:56.2,56.18 1 0
cyansnbrst/merch-service/internal/auth/repository/pg_repository.go:22.52,24.2 1 0
cyansnbrst/merch-service/internal/auth/repository/pg_repository.go:27.100,42.16 4 0
cyansnbrst/merch-service/internal/auth/repository/pg_repository.go:42.16,44.3 1 0
cyansnbrst/merch-service/internal/auth/repository/pg_repository.go:46.2,46.19 1 0
cyansnbrst/merch-service/internal/auth/repository/pg_repository.go:50.93,65.16 4 0
cyansnbrst/merch-service/internal/auth/repository/pg_repository.go:65.16,66.36 1 0
cyansnbrst/merch-service/internal/auth/repository/pg_repository.go:66.36,68.4 1 0
cyansnbrst/merch-service/internal/auth/repository/pg_repository.go:69.3,69.63 1 0
cyansnbrst/merch-service/internal/auth/repository/pg_repository.go:72.2,72.19 1 0
cyansnbrst/merch-service/internal/auth/mock/pg_repository_mock.go:27.65,31.2 3 0
cyansnbrst/merch-service/internal/auth/mock/pg_repository_mock.go:34.63,36.2 1 0
cyansnbrst/merch-service/internal/auth/mock/pg_repository_mock.go:39.111,45.2 5 0
cyansnbrst/merch-service/internal/auth/mock/pg_repository_mock.go:48.104,51.2 2 0
cyansnbrst/merch-service/internal/auth/mock/pg_repository_mock.go:54.104,60.2 5 0
cyansnbrst/merch-service/internal/auth/mock/pg_repository_mock.go:63.97,66.2 2 0
cyansnbrst/merch-service/internal/merch/delivery/http/handlers.go:24.81,29.2 1 0
cyansnbrst/merch-service/internal/merch/delivery/http/handlers.go:32.55,34.16 2 0
cyansnbrst/merch-service/internal/merch/delivery/http/handlers.go:34.16,36.3 1 0
cyansnbrst/merch-service/internal/merch/delivery/http/handlers.go:38.2,39.16 2 0
cyansnbrst/merch-service/internal/merch/delivery/http/handlers.go:39.16,41.3 1 0
cyansnbrst/merch-service/internal/merch/delivery/http/handlers.go:43.2,43.40 1 0
cyansnbrst/merch-service/internal/merch/delivery/http/handlers.go:47.57,49.16 2 0
cyansnbrst/merch-service/internal/merch/delivery/http/handlers.go:49.16,51.3 1 0
cyansnbrst/merch-service/internal/merch/delivery/http/handlers.go:53.2,54.39 2 0
cyansnbrst/merch-service/internal/merch/delivery/http/handlers.go:54.39,56.3 1 0
cyansnbrst/merch-service/internal/merch/delivery/http/handlers.go:58.2,58.42 1 0
cyansnbrst/merch-service/internal/merch/delivery/http/handlers.go:58.42,60.3 1 0
cyansnbrst/merch-service/internal/merch/delivery/http/handlers.go:62.2,63.16 2 0
cyansnbrst/merch-service/internal/merch/delivery/http/handlers.go:63.16,64.127 1 0
cyansnbrst/merch-service/internal/merch/delivery/http/handlers.go:64.127,66.4 1 0
cyansnbrst/merch-service/internal/merch/delivery/http/handlers.go:67.3,67.50 1 0
cyansnbrst/merch-service/internal/merch/delivery/http/handlers.go:70.2,70.35 1 0
cyansnbrst/merch-service/internal/merch/delivery/http/handlers.go:74.55,76.16 2 0
cyansnbrst/merch-service/internal/merch/delivery/http/handlers.go:76.16,78.3 1 0
cyansnbrst/merch-service/internal/merch/delivery/http/handlers.go:80.2,83.16 3 0
cyansnbrst/merch-service/internal/merch/delivery/http/handlers.go:83.16,84.85 1 0
cyansnbrst/merch-service/internal/merch/delivery/http/handlers.go:84.85,86.4 1 0
cyansnbrst/merch-service/internal/merch/delivery/http/handlers.go:87.3,87.50 1 0
cyansnbrst/merch-service/internal/merch/delivery/http/handlers.go:90.2,90.35 1 0
cyansnbrst/merch-service/internal/merch/delivery/http/routes.go:10.59,14.2 3 0
cyansnbrst/merch-service/internal/merch/mock/pg_repository_mock.go:27.65,31.2 3 0
cyansnbrst/merch-service/internal/merch/mock/pg_repository_mock.go:34.63,36.2 1 0
cyansnbrst/merch-service/internal/merch/mock/pg_repository_mock.go:39.92,44.2 4 0
cyansnbrst/merch-service/internal/merch/mock/pg_repository_mock.go:47.95,50.2 2 0
cyansnbrst/merch-service/internal/merch/mock/pg_repository_mock.go:53.114,59.2 5 0
cyansnbrst/merch-service/internal/merch/mock/pg_repository_mock.go:62.98,65.2 2 0
cyansnbrst/merch-service/internal/merch/mock/pg_repository_mock.go:68.119,74.2 5 0
cyansnbrst/merch-service/internal/merch/mock/pg_repository_mock.go:77.99,80.2 2 0
cyansnbrst/merch-service/internal/merch/mock/pg_repository_mock.go:83.108,88.2 4 0
cyansnbrst/merch-service/internal/merch/mock/pg_repository_mock.go:91.105,94.2 2 0
cyansnbrst/merch-service/internal/merch/repository/pg_repository.go:21.54,23.2 1 0
cyansnbrst/merch-service/internal/merch/repository/pg_repository.go:26.104,36.16 3 0
cyansnbrst/merch-service/internal/merch/repository/pg_repository.go:36.16,38.3 1 0
cyansnbrst/merch-service/internal/merch/repository/pg_repository.go:39.2,43.18 4 0
cyansnbrst/merch-service/internal/merch/repository/pg_repository.go:43.18,46.65 3 0
cyansnbrst/merch-service/internal/merch/repository/pg_repository.go:46.65,48.4 1 0
cyansnbrst/merch-service/internal/merch/repository/pg_repository.go:50.3,50.22 1 0
cyansnbrst/merch-service/internal/merch/repository/pg_repository.go:50.22,55.4 1 0
cyansnbrst/merch-service/internal/merch/repository/pg_repository.go:58.2,61.8 1 0
cyansnbrst/merch-service/internal/merch/repository/pg_repository.go:65.109,79.16 3 0
cyansnbrst/merch-service/internal/merch/repository/pg_repository.go:79.16,81.3 1 0
cyansnbrst/merch-service/internal/merch/repository/pg_repository.go:82.2,89.18 3 0
cyansnbrst/merch-service/internal/merch/repository/pg_repository.go:89.18,96.64 2 0
cyansnbrst/merch-service/internal/merch/repository/pg_repository.go:96.64,98.4 1 0
cyansnbrst/merch-service/internal/merch/repository/pg_repository.go:100.3,100.17 1 0
cyansnbrst/merch-service/internal/merch/repository/pg_repository.go:101.19,105.6 1 0
cyansnbrst/merch-service/internal/merch/repository/pg_repository.go:106.15,110.6 1 0
cyansnbrst/merch-service/internal/merch/repository/pg_repository.go:114.2,114.21 1 0
cyansnbrst/merch-service/internal/merch/repository/pg_repository.go:118.103,119.45 1 0
cyansnbrst/merch-service/internal/merch/repository/pg_repository.go:119.45,128.17 4 0
cyansnbrst/merch-service/internal/merch/repository/pg_repository.go:128.17,129.28 1 0
cyansnbrst/merch-service/internal/merch/repository/pg_repository.go:129.28,131.5 1 0
cyansnbrst/merch-service/internal/merch/repository/pg_repository.go:132.4,132.76 1 0
cyansnbrst/merch-service/internal/merch/repository/pg_repository.go:135.3,135.27 1 0
cyansnbrst/merch-service/internal/merch/repository/pg_repository.go:135.27,137.4 1 0
cyansnbrst/merch-service/internal/merch/repository/pg_repository.go:139.3,139.30 1 0
cyansnbrst/merch-service/internal/merch/repository/pg_repository.go:139.30,141.4 1 0
cyansnbrst/merch-service/internal/merch/repository/pg_repository.go:143.3,143.69 1 0
cyansnbrst/merch-service/internal/merch/repository/pg_repository.go:143.69,145.4 1 0
cyansnbrst/merch-service/internal/merch/repository/pg_repository.go:147.3,147.68 1 0
cyansnbrst/merch-service/internal/merch/repository/pg_repository.go:147.68,149.4 1 0
cyansnbrst/merch-service/internal/merch/repository/pg_repository.go:151.3,151.82 1 0
cyansnbrst/merch-service/internal/merch/repository/pg_repository.go:151.82,153.4 1 0
cyansnbrst/merch-service/internal/merch/repository/pg_repository.go:155.3,155.13 1 0
cyansnbrst/merch-service/internal/merch/repository/pg_repository.go:160.87,161.45 1 0
cyansnbrst/merch-service/internal/merch/repository/pg_repository.go:161.45,170.17 4 0
cyansnbrst/merch-service/internal/merch/repository/pg_repository.go:170.17,171.28 1 0
cyansnbrst/merch-service/internal/merch/repository/pg_repository.go:171.28,173.5 1 0
cyansnbrst/merch-service/internal/merch/repository/pg_repository.go:174.4,174.71 1 0
cyansnbrst/merch-service/internal/merch/repository/pg_repository.go:177.3,177.22 1 0
cyansnbrst/merch-service/internal/merch/repository/pg_repository.go:177.22,179.4 1 0
cyansnbrst/merch-service/internal/merch/repository/pg_repository.go:181.3,181.66 1 0
cyansnbrst/merch-service/internal/merch/repository/pg_repository.go:181.66,183.4 1 0
cyansnbrst/merch-service/internal/merch/repository/pg_repository.go:185.3,191.17 3 0
cyansnbrst/merch-service/internal/merch/repository/pg_repository.go:191.17,193.4 1 0
cyansnbrst/merch-service/internal/merch/repository/pg_repository.go:195.3,195.13 1 0
cyansnbrst/merch-service/internal/merch/repository/pg_repository.go:200.81,202.16 2 0
cyansnbrst/merch-service/internal/merch/repository/pg_repository.go:202.16,204.3 1 0
cyansnbrst/merch-service/internal/merch/repository/pg_repository.go:205.2,207.31 2 0
cyansnbrst/merch-service/internal/merch/repository/pg_repository.go:207.31,209.3 1 0
cyansnbrst/merch-service/internal/merch/repository/pg_repository.go:211.2,211.39 1 0
cyansnbrst/merch-service/internal/merch/repository/pg_repository.go:211.39,213.3 1 0
cyansnbrst/merch-service/internal/merch/repository/pg_repository.go:215.2,215.12 1 0
cyansnbrst/merch-service/internal/merch/repository/pg_repository.go:219.101,226.16 3 0
cyansnbrst/merch-service/internal/merch/repository/pg_repository.go:226.16,228.3 1 0
cyansnbrst/merch-service/internal/merch/repository/pg_repository.go:229.2,229.12 1 0
cyansnbrst/merch-service/internal/merch/repository/pg_repository.go:233.115,239.16 3 0
cyansnbrst/merch-service/internal/merch/repository/pg_repository.go:239.16,241.3 1 0
cyansnbrst/merch-service/internal/merch/repository/pg_repository.go:242.2,242.12 1 0
cyansnbrst/merch-service/config/config.go:43.51,47.16 3 0
cyansnbrst/merch-service/config/config.go:47.16,49.3 1 0
cyansnbrst/merch-service/config/config.go:51.2,52.16 2 0
cyansnbrst/merch-service/config/config.go:52.16,54.3 1 0
cyansnbrst/merch-service/config/config.go:56.2,56.18 1 0
cyansnbrst/merch-service/internal/auth/mock/pg_repository_mock.go:27.65,31.2 3 1
cyansnbrst/merch-service/internal/auth/mock/pg_repository_mock.go:34.63,36.2 1 1
cyansnbrst/merch-service/internal/auth/mock/pg_repository_mock.go:39.111,45.2 5 1
cyansnbrst/merch-service/internal/auth/mock/pg_repository_mock.go:48.104,51.2 2 1
cyansnbrst/merch-service/internal/auth/mock/pg_repository_mock.go:54.104,60.2 5 1
cyansnbrst/merch-service/internal/auth/mock/pg_repository_mock.go:63.97,66.2 2 1
cyansnbrst/merch-service/internal/auth/usecase/usecase.go:27.80,32.2 1 1
cyansnbrst/merch-service/internal/auth/usecase/usecase.go:35.98,37.55 2 1
cyansnbrst/merch-service/internal/auth/usecase/usecase.go:37.55,39.3 1 1
cyansnbrst/merch-service/internal/auth/usecase/usecase.go:41.2,41.17 1 1
cyansnbrst/merch-service/internal/auth/usecase/usecase.go:41.17,43.17 2 1
cyansnbrst/merch-service/internal/auth/usecase/usecase.go:43.17,45.4 1 0
cyansnbrst/merch-service/internal/auth/usecase/usecase.go:47.3,48.17 2 1
cyansnbrst/merch-service/internal/auth/usecase/usecase.go:48.17,50.4 1 1
cyansnbrst/merch-service/internal/auth/usecase/usecase.go:51.8,53.17 2 1
cyansnbrst/merch-service/internal/auth/usecase/usecase.go:53.17,55.4 1 0
cyansnbrst/merch-service/internal/auth/usecase/usecase.go:56.3,56.13 1 1
cyansnbrst/merch-service/internal/auth/usecase/usecase.go:56.13,58.4 1 1
cyansnbrst/merch-service/internal/auth/usecase/usecase.go:61.2,62.16 2 1
cyansnbrst/merch-service/internal/auth/usecase/usecase.go:62.16,64.3 1 0
cyansnbrst/merch-service/internal/auth/usecase/usecase.go:66.2,66.19 1 1
cyansnbrst/merch-service/internal/auth/usecase/usecase.go:70.65,80.16 5 1
cyansnbrst/merch-service/internal/auth/usecase/usecase.go:80.16,82.3 1 0
cyansnbrst/merch-service/internal/auth/usecase/usecase.go:84.2,84.25 1 1
cyansnbrst/merch-service/internal/middleware/auth.go:15.83,16.36 1 0
cyansnbrst/merch-service/internal/middleware/auth.go:16.36,18.23 2 0
cyansnbrst/merch-service/internal/middleware/auth.go:18.23,20.4 1 0
cyansnbrst/merch-service/internal/middleware/auth.go:22.3,23.26 2 0
cyansnbrst/merch-service/internal/middleware/auth.go:23.26,25.4 1 0
cyansnbrst/merch-service/internal/middleware/auth.go:27.3,28.17 2 0
cyansnbrst/merch-service/internal/middleware/auth.go:28.17,29.44 1 0
cyansnbrst/merch-service/internal/middleware/auth.go:29.44,31.5 1 0
cyansnbrst/merch-service/internal/middleware/auth.go:32.4,32.52 1 0
cyansnbrst/merch-service/internal/middleware/auth.go:35.3,37.17 2 0
cyansnbrst/merch-service/internal/middleware/context.go:12.53,14.2 1 0
cyansnbrst/merch-service/internal/middleware/context.go:17.54,19.23 2 0
cyansnbrst/merch-service/internal/middleware/context.go:19.23,21.3 1 0
cyansnbrst/merch-service/internal/middleware/context.go:22.2,22.20 1 0
cyansnbrst/merch-service/internal/middleware/middlewares.go:16.86,21.2 1 0
cyansnbrst/merch-service/pkg/auth/jwt/parsers.go:13.58,14.83 1 0
cyansnbrst/merch-service/pkg/auth/jwt/parsers.go:14.83,15.58 1 0
cyansnbrst/merch-service/pkg/auth/jwt/parsers.go:15.58,17.4 1 0
cyansnbrst/merch-service/pkg/auth/jwt/parsers.go:18.3,18.29 1 0
cyansnbrst/merch-service/pkg/auth/jwt/parsers.go:21.2,21.16 1 0
cyansnbrst/merch-service/pkg/auth/jwt/parsers.go:21.16,22.83 1 0
cyansnbrst/merch-service/pkg/auth/jwt/parsers.go:22.83,24.4 1 0
cyansnbrst/merch-service/pkg/auth/jwt/parsers.go:25.3,25.16 1 0
cyansnbrst/merch-service/pkg/auth/jwt/parsers.go:28.2,28.67 1 0
cyansnbrst/merch-service/pkg/auth/jwt/parsers.go:28.67,30.10 2 0
cyansnbrst/merch-service/pkg/auth/jwt/parsers.go:30.10,32.4 1 0
cyansnbrst/merch-service/pkg/auth/jwt/parsers.go:33.3,33.28 1 0
cyansnbrst/merch-service/pkg/auth/jwt/parsers.go:36.2,36.32 1 0
cyansnbrst/merch-service/internal/server/handlers.go:18.48,44.2 16 0
cyansnbrst/merch-service/internal/server/server.go:26.82,32.2 1 0
cyansnbrst/merch-service/internal/server/server.go:35.30,48.12 4 0
cyansnbrst/merch-service/internal/server/server.go:48.12,61.17 8 0
cyansnbrst/merch-service/internal/server/server.go:61.17,63.4 1 0
cyansnbrst/merch-service/internal/server/server.go:65.3,65.23 1 0
cyansnbrst/merch-service/internal/server/server.go:68.2,74.43 3 0
cyansnbrst/merch-service/internal/server/server.go:74.43,76.3 1 0
cyansnbrst/merch-service/internal/server/server.go:78.2,79.16 2 0
cyansnbrst/merch-service/internal/server/server.go:79.16,81.3 1 0
cyansnbrst/merch-service/internal/server/server.go:83.2,87.12 2 0
cyansnbrst/merch-service/pkg/db/postgres/conn.go:14.56,26.16 3 0
cyansnbrst/merch-service/pkg/db/postgres/conn.go:26.16,28.3 1 0
cyansnbrst/merch-service/pkg/db/postgres/conn.go:30.2,33.16 3 0
cyansnbrst/merch-service/pkg/db/postgres/conn.go:33.16,35.3 1 0
cyansnbrst/merch-service/pkg/db/postgres/conn.go:37.2,40.39 3 0
cyansnbrst/merch-service/pkg/db/postgres/conn.go:40.39,42.3 1 0
cyansnbrst/merch-service/pkg/db/postgres/conn.go:44.2,44.18 1 0
cyansnbrst/merch-service/pkg/http_helpers/responses.go:23.57,29.2 1 0
cyansnbrst/merch-service/pkg/http_helpers/responses.go:32.74,34.2 1 0
cyansnbrst/merch-service/pkg/http_helpers/responses.go:37.74,40.2 2 0
cyansnbrst/merch-service/pkg/http_helpers/responses.go:43.58,45.2 1 0
cyansnbrst/merch-service/pkg/http_helpers/responses.go:48.55,50.2 1 0
cyansnbrst/merch-service/pkg/http_helpers/responses.go:53.63,55.2 1 0
cyansnbrst/merch-service/pkg/http_helpers/responses.go:58.59,60.2 1 0
cyansnbrst/merch-service/pkg/validator/validator.go:13.44,16.2 2 0
cyansnbrst/merch-service/pkg/validator/validator.go:18.58,19.39 1 0
cyansnbrst/merch-service/pkg/validator/validator.go:19.39,25.3 3 0
cyansnbrst/merch-service/pkg/validator/validator.go:27.2,27.12 1 0
cyansnbrst/merch-service/internal/merch/mock/pg_repository_mock.go:27.65,31.2 3 1
cyansnbrst/merch-service/internal/merch/mock/pg_repository_mock.go:34.63,36.2 1 1
cyansnbrst/merch-service/internal/merch/mock/pg_repository_mock.go:39.92,44.2 4 1
cyansnbrst/merch-service/internal/merch/mock/pg_repository_mock.go:47.95,50.2 2 1
cyansnbrst/merch-service/internal/merch/mock/pg_repository_mock.go:53.114,59.2 5 1
cyansnbrst/merch-service/internal/merch/mock/pg_repository_mock.go:62.98,65.2 2 1
cyansnbrst/merch-service/internal/merch/mock/pg_repository_mock.go:68.119,74.2 5 1
cyansnbrst/merch-service/internal/merch/mock/pg_repository_mock.go:77.99,80.2 2 1
cyansnbrst/merch-service/internal/merch/mock/pg_repository_mock.go:83.108,88.2 4 1
cyansnbrst/merch-service/internal/merch/mock/pg_repository_mock.go:91.105,94.2 2 1
cyansnbrst/merch-service/internal/merch/usecase/usecase.go:16.64,18.2 1 1
cyansnbrst/merch-service/internal/merch/usecase/usecase.go:21.87,23.16 2 1
cyansnbrst/merch-service/internal/merch/usecase/usecase.go:23.16,25.3 1 1
cyansnbrst/merch-service/internal/merch/usecase/usecase.go:27.2,28.16 2 1
cyansnbrst/merch-service/internal/merch/usecase/usecase.go:28.16,30.3 1 1
cyansnbrst/merch-service/internal/merch/usecase/usecase.go:32.2,38.8 1 1
cyansnbrst/merch-service/internal/merch/usecase/usecase.go:42.103,44.2 1 1
cyansnbrst/merch-service/internal/merch/usecase/usecase.go:47.81,49.2 1 1
cyansnbrst/merch-service/config/config.go:43.51,47.16 3 1
cyansnbrst/merch-service/config/config.go:47.16,49.3 1 0
cyansnbrst/merch-service/config/config.go:51.2,52.16 2 1
cyansnbrst/merch-service/config/config.go:52.16,54.3 1 0
cyansnbrst/merch-service/config/config.go:56.2,56.18 1 1
cyansnbrst/merch-service/internal/auth/delivery/http/handlers.go:23.77,28.2 1 1
cyansnbrst/merch-service/internal/auth/delivery/http/handlers.go:31.59,33.39 2 1
cyansnbrst/merch-service/internal/auth/delivery/http/handlers.go:33.39,35.3 1 0
cyansnbrst/merch-service/internal/auth/delivery/http/handlers.go:37.2,37.42 1 1
cyansnbrst/merch-service/internal/auth/delivery/http/handlers.go:37.42,39.3 1 0
cyansnbrst/merch-service/internal/auth/delivery/http/handlers.go:41.2,42.16 2 1
cyansnbrst/merch-service/internal/auth/delivery/http/handlers.go:42.16,43.51 1 1
cyansnbrst/merch-service/internal/auth/delivery/http/handlers.go:43.51,45.4 1 1
cyansnbrst/merch-service/internal/auth/delivery/http/handlers.go:46.3,46.50 1 0
cyansnbrst/merch-service/internal/auth/delivery/http/handlers.go:49.2,49.60 1 1
cyansnbrst/merch-service/internal/auth/delivery/http/routes.go:10.57,12.2 1 1
cyansnbrst/merch-service/internal/auth/repository/pg_repository.go:22.52,24.2 1 1
cyansnbrst/merch-service/internal/auth/repository/pg_repository.go:27.100,42.16 4 1
cyansnbrst/merch-service/internal/auth/repository/pg_repository.go:42.16,44.3 1 0
cyansnbrst/merch-service/internal/auth/repository/pg_repository.go:46.2,46.19 1 1
cyansnbrst/merch-service/internal/auth/repository/pg_repository.go:50.93,65.16 4 1
cyansnbrst/merch-service/internal/auth/repository/pg_repository.go:65.16,66.36 1 1
cyansnbrst/merch-service/internal/auth/repository/pg_repository.go:66.36,68.4 1 1
cyansnbrst/merch-service/internal/auth/repository/pg_repository.go:69.3,69.63 1 0
cyansnbrst/merch-service/internal/auth/repository/pg_repository.go:72.2,72.19 1 1
cyansnbrst/merch-service/internal/merch/delivery/http/handlers.go:24.81,29.2 1 1
cyansnbrst/merch-service/internal/merch/delivery/http/handlers.go:32.55,34.16 2 1
cyansnbrst/merch-service/internal/merch/delivery/http/handlers.go:34.16,36.3 1 0
cyansnbrst/merch-service/internal/merch/delivery/http/handlers.go:38.2,39.16 2 1
cyansnbrst/merch-service/internal/merch/delivery/http/handlers.go:39.16,41.3 1 0
cyansnbrst/merch-service/internal/merch/delivery/http/handlers.go:43.2,43.40 1 1
cyansnbrst/merch-service/internal/merch/delivery/http/handlers.go:47.57,49.16 2 1
cyansnbrst/merch-service/internal/merch/delivery/http/handlers.go:49.16,51.3 1 0
cyansnbrst/merch-service/internal/merch/delivery/http/handlers.go:53.2,54.39 2 1
cyansnbrst/merch-service/internal/merch/delivery/http/handlers.go:54.39,56.3 1 1
cyansnbrst/merch-service/internal/merch/delivery/http/handlers.go:58.2,58.42 1 1
cyansnbrst/merch-service/internal/merch/delivery/http/handlers.go:58.42,60.3 1 1
cyansnbrst/merch-service/internal/merch/delivery/http/handlers.go:62.2,63.16 2 1
cyansnbrst/merch-service/internal/merch/delivery/http/handlers.go:63.16,64.127 1 1
cyansnbrst/merch-service/internal/merch/delivery/http/handlers.go:64.127,66.4 1 1
cyansnbrst/merch-service/internal/merch/delivery/http/handlers.go:67.3,67.50 1 0
cyansnbrst/merch-service/internal/merch/delivery/http/handlers.go:70.2,70.35 1 1
cyansnbrst/merch-service/internal/merch/delivery/http/handlers.go:74.55,76.16 2 1
cyansnbrst/merch-service/internal/merch/delivery/http/handlers.go:76.16,78.3 1 0
cyansnbrst/merch-service/internal/merch/delivery/http/handlers.go:80.2,83.16 3 1
cyansnbrst/merch-service/internal/merch/delivery/http/handlers.go:83.16,84.85 1 1
cyansnbrst/merch-service/internal/merch/delivery/http/handlers.go:84.85,86.4 1 1
cyansnbrst/merch-service/internal/merch/delivery/http/handlers.go:87.3,87.50 1 0
cyansnbrst/merch-service/internal/merch/delivery/http/handlers.go:90.2,90.35 1 1
cyansnbrst/merch-service/internal/merch/delivery/http/routes.go:10.59,14.2 3 1
cyansnbrst/merch-service/internal/merch/repository/pg_repository.go:21.54,23.2 1 1
cyansnbrst/merch-service/internal/merch/repository/pg_repository.go:26.104,36.16 3 1
cyansnbrst/merch-service/internal/merch/repository/pg_repository.go:36.16,38.3 1 0
cyansnbrst/merch-service/internal/merch/repository/pg_repository.go:39.2,43.18 4 1
cyansnbrst/merch-service/internal/merch/repository/pg_repository.go:43.18,46.65 3 1
cyansnbrst/merch-service/internal/merch/repository/pg_repository.go:46.65,48.4 1 0
cyansnbrst/merch-service/internal/merch/repository/pg_repository.go:50.3,50.22 1 1
cyansnbrst/merch-service/internal/merch/repository/pg_repository.go:50.22,55.4 1 1
cyansnbrst/merch-service/internal/merch/repository/pg_repository.go:58.2,61.8 1 1
cyansnbrst/merch-service/internal/merch/repository/pg_repository.go:65.109,79.16 3 1
cyansnbrst/merch-service/internal/merch/repository/pg_repository.go:79.16,81.3 1 0
cyansnbrst/merch-service/internal/merch/repository/pg_repository.go:82.2,89.18 3 1
cyansnbrst/merch-service/internal/merch/repository/pg_repository.go:89.18,96.64 2 1
cyansnbrst/merch-service/internal/merch/repository/pg_repository.go:96.64,98.4 1 0
cyansnbrst/merch-service/internal/merch/repository/pg_repository.go:100.3,100.17 1 1
cyansnbrst/merch-service/internal/merch/repository/pg_repository.go:101.19,105.6 1 1
cyansnbrst/merch-service/internal/merch/repository/pg_repository.go:106.15,110.6 1 1
cyansnbrst/merch-service/internal/merch/repository/pg_repository.go:114.2,114.21 1 1
cyansnbrst/merch-service/internal/merch/repository/pg_repository.go:118.103,119.45 1 1
cyansnbrst/merch-service/internal/merch/repository/pg_repository.go:119.45,128.17 4 1
cyansnbrst/merch-service/internal/merch/repository/pg_repository.go:128.17,129.28 1 1
cyansnbrst/merch-service/internal/merch/repository/pg_repository.go:129.28,131.5 1 1
cyansnbrst/merch-service/internal/merch/repository/pg_repository.go:132.4,132.76 1 0
cyansnbrst/merch-service/internal/merch/repository/pg_repository.go:135.3,135.27 1 1
cyansnbrst/merch-service/internal/merch/repository/pg_repository.go:135.27,137.4 1 1
cyansnbrst/merch-service/internal/merch/repository/pg_repository.go:139.3,139.30 1 1
cyansnbrst/merch-service/internal/merch/repository/pg_repository.go:139.30,141.4 1 1
cyansnbrst/merch-service/internal/merch/repository/pg_repository.go:143.3,143.69 1 1
cyansnbrst/merch-service/internal/merch/repository/pg_repository.go:143.69,145.4 1 0
cyansnbrst/merch-service/internal/merch/repository/pg_repository.go:147.3,147.68 1 1
cyansnbrst/merch-service/internal/merch/repository/pg_repository.go:147.68,149.4 1 0
cyansnbrst/merch-service/internal/merch/repository/pg_repository.go:151.3,151.82 1 1
cyansnbrst/merch-service/internal/merch/repository/pg_repository.go:151.82,153.4 1 0
cyansnbrst/merch-service/internal/merch/repository/pg_repository.go:155.3,155.13 1 1
cyansnbrst/merch-service/internal/merch/repository/pg_repository.go:160.87,161.45 1 1
cyansnbrst/merch-service/internal/merch/repository/pg_repository.go:161.45,170.17 4 1
cyansnbrst/merch-service/internal/merch/repository/pg_repository.go:170.17,171.28 1 1
cyansnbrst/merch-service/internal/merch/repository/pg_repository.go:171.28,173.5 1 1
cyansnbrst/merch-service/internal/merch/repository/pg_repository.go:174.4,174.71 1 0
cyansnbrst/merch-service/internal/merch/repository/pg_repository.go:177.3,177.22 1 1
cyansnbrst/merch-service/internal/merch/repository/pg_repository.go:177.22,179.4 1 1
cyansnbrst/merch-service/internal/merch/repository/pg_repository.go:181.3,181.66 1 1
cyansnbrst/merch-service/internal/merch/repository/pg_repository.go:181.66,183.4 1 0
cyansnbrst/merch-service/internal/merch/repository/pg_repository.go:185.3,191.17 3 1
cyansnbrst/merch-service/internal/merch/repository/pg_repository.go:191.17,193.4 1 0
cyansnbrst/merch-service/internal/merch/repository/pg_repository.go:195.3,195.13 1 1
cyansnbrst/merch-service/internal/merch/repository/pg_repository.go:200.81,202.16 2 1
cyansnbrst/merch-service/internal/merch/repository/pg_repository.go:202.16,204.3 1 0
cyansnbrst/merch-service/internal/merch/repository/pg_repository.go:205.2,207.31 2 1
cyansnbrst/merch-service/internal/merch/repository/pg_repository.go:207.31,209.3 1 1
cyansnbrst/merch-service/internal/merch/repository/pg_repository.go:211.2,211.39 1 1
cyansnbrst/merch-service/internal/merch/repository/pg_repository.go:211.39,213.3 1 0
cyansnbrst/merch-service/internal/merch/repository/pg_repository.go:215.2,215.12 1 1
cyansnbrst/merch-service/internal/merch/repository/pg_repository.go:219.101,226.16 3 1
cyansnbrst/merch-service/internal/merch/repository/pg_repository.go:226.16,228.3 1 0
cyansnbrst/merch-service/internal/merch/repository/pg_repository.go:229.2,229.12 1 1
cyansnbrst/merch-service/internal/merch/repository/pg_repository.go:233.115,239.16 3 1
cyansnbrst/merch-service/internal/merch/repository/pg_repository.go:239.16,241.3 1 0
cyansnbrst/merch-service/internal/merch/repository/pg_repository.go:242.2,242.12 1 1
cyansnbrst/merch-service/internal/middleware/auth.go:15.83,16.36 1 1
cyansnbrst/merch-service/internal/middleware/auth.go:16.36,18.23 2 1
cyansnbrst/merch-service/internal/middleware/auth.go:18.23,20.4 1 1
cyansnbrst/merch-service/internal/middleware/auth.go:22.3,23.26 2 1
cyansnbrst/merch-service/internal/middleware/auth.go:23.26,25.4 1 0
cyansnbrst/merch-service/internal/middleware/auth.go:27.3,28.17 2 1
cyansnbrst/merch-service/internal/middleware/auth.go:28.17,29.44 1 0
cyansnbrst/merch-service/internal/middleware/auth.go:29.44,31.5 1 0
cyansnbrst/merch-service/internal/middleware/auth.go:32.4,32.52 1 0
cyansnbrst/merch-service/internal/middleware/auth.go:35.3,37.17 2 1
cyansnbrst/merch-service/internal/middleware/context.go:12.53,14.2 1 1
cyansnbrst/merch-service/internal/middleware/context.go:17.54,19.23 2 1
cyansnbrst/merch-service/internal/middleware/context.go:19.23,21.3 1 0
cyansnbrst/merch-service/internal/middleware/context.go:22.2,22.20 1 1
cyansnbrst/merch-service/internal/middleware/middlewares.go:16.86,21.2 1 1
cyansnbrst/merch-service/internal/server/handlers.go:18.48,44.2 16 1
cyansnbrst/merch-service/internal/server/server.go:26.82,32.2 1 1
cyansnbrst/merch-service/internal/server/server.go:35.30,48.12 4 0
cyansnbrst/merch-service/internal/server/server.go:48.12,61.17 8 0
cyansnbrst/merch-service/internal/server/server.go:61.17,63.4 1 0
cyansnbrst/merch-service/internal/server/server.go:65.3,65.23 1 0
cyansnbrst/merch-service/internal/server/server.go:68.2,74.43 3 0
cyansnbrst/merch-service/internal/server/server.go:74.43,76.3 1 0
cyansnbrst/merch-service/internal/server/server.go:78.2,79.16 2 0
cyansnbrst/merch-service/internal/server/server.go:79.16,81.3 1 0
cyansnbrst/merch-service/internal/server/server.go:83.2,87.12 2 0
cyansnbrst/merch-service/pkg/auth/jwt/parsers.go:13.58,14.83 1 1
cyansnbrst/merch-service/pkg/auth/jwt/parsers.go:14.83,15.58 1 1
cyansnbrst/merch-service/pkg/auth/jwt/parsers.go:15.58,17.4 1 0
cyansnbrst/merch-service/pkg/auth/jwt/parsers.go:18.3,18.29 1 1
cyansnbrst/merch-service/pkg/auth/jwt/parsers.go:21.2,21.16 1 1
cyansnbrst/merch-service/pkg/auth/jwt/parsers.go:21.16,22.83 1 0
cyansnbrst/merch-service/pkg/auth/jwt/parsers.go:22.83,24.4 1 0
cyansnbrst/merch-service/pkg/auth/jwt/parsers.go:25.3,25.16 1 0
cyansnbrst/merch-service/pkg/auth/jwt/parsers.go:28.2,28.67 1 1
cyansnbrst/merch-service/pkg/auth/jwt/parsers.go:28.67,30.10 2 1
cyansnbrst/merch-service/pkg/auth/jwt/parsers.go:30.10,32.4 1 0
cyansnbrst/merch-service/pkg/auth/jwt/parsers.go:33.3,33.28 1 1
cyansnbrst/merch-service/pkg/auth/jwt/parsers.go:36.2,36.32 1 0
cyansnbrst/merch-service/pkg/http_helpers/responses.go:23.57,29.2 1 0
cyansnbrst/merch-service/pkg/http_helpers/responses.go:32.74,34.2 1 1
cyansnbrst/merch-service/pkg/http_helpers/responses.go:37.74,40.2 2 0
cyansnbrst/merch-service/pkg/http_helpers/responses.go:43.58,45.2 1 1
cyansnbrst/merch-service/pkg/http_helpers/responses.go:48.55,50.2 1 1
cyansnbrst/merch-service/pkg/http_helpers/responses.go:53.63,55.2 1 0
cyansnbrst/merch-service/pkg/http_helpers/responses.go:58.59,60.2 1 1
cyansnbrst/merch-service/pkg/validator/validator.go:13.44,16.2 2 1
cyansnbrst/merch-service/pkg/validator/validator.go:18.58,19.39 1 1
cyansnbrst/merch-service/pkg/validator/validator.go:19.39,25.3 3 1
cyansnbrst/merch-service/pkg/validator/validator.go:27.2,27.12 1 1
cyansnbrst/merch-service/tests/setup.go:32.38,51.37 7 1
cyansnbrst/merch-service/tests/setup.go:51.37,54.3 2 1
cyansnbrst/merch-service/tests/setup.go:55.2,63.32 6 1
cyansnbrst/merch-service/tests/setup.go:63.32,66.17 3 1
cyansnbrst/merch-service/tests/setup.go:66.17,68.4 1 0
cyansnbrst/merch-service/tests/setup.go:69.3,70.26 2 1
cyansnbrst/merch-service/tests/setup.go:72.2,82.26 8 1
cyansnbrst/merch-service/tests/setup.go:85.53,102.2 9 1
cyansnbrst/merch-service/tests/setup.go:104.41,105.21 1 1
cyansnbrst/merch-service/tests/setup.go:105.21,107.3 1 1
cyansnbrst/merch-service/tests/setup.go:108.2,108.24 1 1
cyansnbrst/merch-service/tests/setup.go:108.24,110.17 2 1
cyansnbrst/merch-service/tests/setup.go:110.17,112.4 1 0
