mode: set
cyansnbrst/merch-service/internal/auth/mock/pg_repository_mock.go:27.65,31.2 3 0
cyansnbrst/merch-service/internal/auth/mock/pg_repository_mock.go:34.63,36.2 1 0
cyansnbrst/merch-service/internal/auth/mock/pg_repository_mock.go:39.111,45.2 5 0
cyansnbrst/merch-service/internal/auth/mock/pg_repository_mock.go:48.104,51.2 2 0
cyansnbrst/merch-service/internal/auth/mock/pg_repository_mock.go:54.104,60.2 5 0
cyansnbrst/merch-service/internal/auth/mock/pg_repository_mock.go:63.97,66.2 2 0
cyansnbrst/merch-service/config/config.go:54.51,58.16 3 0
cyansnbrst/merch-service/config/config.go:58.16,60.3 1 0
cyansnbrst/merch-service/config/config.go:62.2,63.16 2 0
cyansnbrst/merch-service/config/config.go:63.16,65.3 1 0
cyansnbrst/merch-service/config/config.go:67.2,67.18 1 0
cyansnbrst/merch-service/cmd/api/main.go:14.13,18.16 3 0
cyansnbrst/merch-service/cmd/api/main.go:18.16,20.3 1 0
cyansnbrst/merch-service/cmd/api/main.go:22.2,23.16 2 0
cyansnbrst/merch-service/cmd/api/main.go:23.16,25.3 1 0
cyansnbrst/merch-service/cmd/api/main.go:26.2,26.15 1 0
cyansnbrst/merch-service/cmd/api/main.go:26.15,27.39 1 0
cyansnbrst/merch-service/cmd/api/main.go:27.39,29.4 1 0
cyansnbrst/merch-service/cmd/api/main.go:32.2,33.16 2 0
cyansnbrst/merch-service/cmd/api/main.go:33.16,35.3 1 0
cyansnbrst/merch-service/cmd/api/main.go:36.2,40.15 4 0
cyansnbrst/merch-service/cmd/api/main.go:40.15,41.45 1 0
cyansnbrst/merch-service/cmd/api/main.go:41.45,43.4 1 0
cyansnbrst/merch-service/cmd/api/main.go:45.2,48.31 3 0
cyansnbrst/merch-service/cmd/api/main.go:48.31,50.3 1 0
cyansnbrst/merch-service/internal/auth/delivery/http/handlers.go:23.77,28.2 1 0
cyansnbrst/merch-service/internal/auth/delivery/http/handlers.go:31.59,33.39 2 0
cyansnbrst/merch-service/internal/auth/delivery/http/handlers.go:33.39,35.3 1 0
cyansnbrst/merch-service/internal/auth/delivery/http/handlers.go:37.2,37.42 1 0
cyansnbrst/merch-service/internal/auth/delivery/http/handlers.go:37.42,39.3 1 0
cyansnbrst/merch-service/internal/auth/delivery/http/handlers.go:41.2,42.16 2 0
cyansnbrst/merch-service/internal/auth/delivery/http/handlers.go:42.16,43.51 1 0
cyansnbrst/merch-service/internal/auth/delivery/http/handlers.go:43.51,45.4 1 0
cyansnbrst/merch-service/internal/auth/delivery/http/handlers.go:46.3,46.50 1 0
cyansnbrst/merch-service/internal/auth/delivery/http/handlers.go:49.2,49.60 1 0
cyansnbrst/merch-service/internal/auth/delivery/http/routes.go:10.57,12.2 1 0
cyansnbrst/merch-service/internal/auth/repository/pg_repository.go:22.52,24.2 1 0
cyansnbrst/merch-service/internal/auth/repository/pg_repository.go:27.100,42.16 4 0
cyansnbrst/merch-service/internal/auth/repository/pg_repository.go:42.16,44.3 1 0
cyansnbrst/merch-service/internal/auth/repository/pg_repository.go:46.2,46.19 1 0
cyansnbrst/merch-service/internal/auth/repository/pg_repository.go:50.93,65.16 4 0
cyansnbrst/merch-service/internal/auth/repository/pg_repository.go:65.16,66.36 1 0
cyansnbrst/merch-service/internal/auth/repository/pg_repository.go:66.36,68.4 1 0
cyansnbrst/merch-service/internal/auth/repository/pg_repository.go:69.3,69.63 1 0
cyansnbrst/merch-service/internal/auth/repository/pg_repository.go:72.2,72.19 1 0
cyansnbrst/merch-service/internal/merch/repository/pg_repository.go:22.54,24.2 1 0
cyansnbrst/merch-service/internal/merch/repository/pg_repository.go:27.104,37.16 3 0
cyansnbrst/merch-service/internal/merch/repository/pg_repository.go:37.16,39.3 1 0
cyansnbrst/merch-service/internal/merch/repository/pg_repository.go:40.2,44.18 4 0
cyansnbrst/merch-service/internal/merch/repository/pg_repository.go:44.18,47.65 3 0
cyansnbrst/merch-service/internal/merch/repository/pg_repository.go:47.65,49.4 1 0
cyansnbrst/merch-service/internal/merch/repository/pg_repository.go:51.3,51.22 1 0
cyansnbrst/merch-service/internal/merch/repository/pg_repository.go:51.22,56.4 1 0
cyansnbrst/merch-service/internal/merch/repository/pg_repository.go:59.2,62.8 1 0
cyansnbrst/merch-service/internal/merch/repository/pg_repository.go:66.109,80.16 3 0
cyansnbrst/merch-service/internal/merch/repository/pg_repository.go:80.16,82.3 1 0
cyansnbrst/merch-service/internal/merch/repository/pg_repository.go:83.2,90.18 3 0
cyansnbrst/merch-service/internal/merch/repository/pg_repository.go:90.18,97.64 2 0
cyansnbrst/merch-service/internal/merch/repository/pg_repository.go:97.64,99.4 1 0
cyansnbrst/merch-service/internal/merch/repository/pg_repository.go:101.3,101.17 1 0
cyansnbrst/merch-service/internal/merch/repository/pg_repository.go:102.19,106.6 1 0
cyansnbrst/merch-service/internal/merch/repository/pg_repository.go:107.15,111.6 1 0
cyansnbrst/merch-service/internal/merch/repository/pg_repository.go:115.2,115.21 1 0
cyansnbrst/merch-service/internal/merch/repository/pg_repository.go:119.103,120.45 1 0
cyansnbrst/merch-service/internal/merch/repository/pg_repository.go:120.45,129.17 4 0
cyansnbrst/merch-service/internal/merch/repository/pg_repository.go:129.17,130.28 1 0
cyansnbrst/merch-service/internal/merch/repository/pg_repository.go:130.28,132.5 1 0
cyansnbrst/merch-service/internal/merch/repository/pg_repository.go:133.4,133.76 1 0
cyansnbrst/merch-service/internal/merch/repository/pg_repository.go:136.3,136.27 1 0
cyansnbrst/merch-service/internal/merch/repository/pg_repository.go:136.27,138.4 1 0
cyansnbrst/merch-service/internal/merch/repository/pg_repository.go:140.3,140.30 1 0
cyansnbrst/merch-service/internal/merch/repository/pg_repository.go:140.30,142.4 1 0
cyansnbrst/merch-service/internal/merch/repository/pg_repository.go:144.3,144.69 1 0
cyansnbrst/merch-service/internal/merch/repository/pg_repository.go:144.69,146.4 1 0
cyansnbrst/merch-service/internal/merch/repository/pg_repository.go:148.3,148.68 1 0
cyansnbrst/merch-service/internal/merch/repository/pg_repository.go:148.68,150.4 1 0
cyansnbrst/merch-service/internal/merch/repository/pg_repository.go:152.3,152.82 1 0
cyansnbrst/merch-service/internal/merch/repository/pg_repository.go:152.82,154.4 1 0
cyansnbrst/merch-service/internal/merch/repository/pg_repository.go:156.3,156.13 1 0
cyansnbrst/merch-service/internal/merch/repository/pg_repository.go:161.87,162.45 1 0
cyansnbrst/merch-service/internal/merch/repository/pg_repository.go:162.45,171.17 4 0
cyansnbrst/merch-service/internal/merch/repository/pg_repository.go:171.17,172.28 1 0
cyansnbrst/merch-service/internal/merch/repository/pg_repository.go:172.28,174.5 1 0
cyansnbrst/merch-service/internal/merch/repository/pg_repository.go:175.4,175.71 1 0
cyansnbrst/merch-service/internal/merch/repository/pg_repository.go:178.3,178.22 1 0
cyansnbrst/merch-service/internal/merch/repository/pg_repository.go:178.22,180.4 1 0
cyansnbrst/merch-service/internal/merch/repository/pg_repository.go:182.3,182.66 1 0
cyansnbrst/merch-service/internal/merch/repository/pg_repository.go:182.66,184.4 1 0
cyansnbrst/merch-service/internal/merch/repository/pg_repository.go:186.3,192.17 3 0
cyansnbrst/merch-service/internal/merch/repository/pg_repository.go:192.17,194.4 1 0
cyansnbrst/merch-service/internal/merch/repository/pg_repository.go:196.3,196.13 1 0
cyansnbrst/merch-service/internal/merch/repository/pg_repository.go:201.81,203.16 2 0
cyansnbrst/merch-service/internal/merch/repository/pg_repository.go:203.16,205.3 1 0
cyansnbrst/merch-service/internal/merch/repository/pg_repository.go:206.2,206.15 1 0
cyansnbrst/merch-service/internal/merch/repository/pg_repository.go:206.15,207.42 1 0
cyansnbrst/merch-service/internal/merch/repository/pg_repository.go:207.42,208.30 1 0
cyansnbrst/merch-service/internal/merch/repository/pg_repository.go:208.30,210.5 1 0
cyansnbrst/merch-service/internal/merch/repository/pg_repository.go:214.2,214.31 1 0
cyansnbrst/merch-service/internal/merch/repository/pg_repository.go:214.31,216.3 1 0
cyansnbrst/merch-service/internal/merch/repository/pg_repository.go:218.2,218.39 1 0
cyansnbrst/merch-service/internal/merch/repository/pg_repository.go:218.39,220.3 1 0
cyansnbrst/merch-service/internal/merch/repository/pg_repository.go:222.2,222.12 1 0
cyansnbrst/merch-service/internal/merch/repository/pg_repository.go:226.95,233.16 3 0
cyansnbrst/merch-service/internal/merch/repository/pg_repository.go:233.16,235.3 1 0
cyansnbrst/merch-service/internal/merch/repository/pg_repository.go:236.2,236.12 1 0
cyansnbrst/merch-service/internal/merch/repository/pg_repository.go:240.109,246.16 3 0
cyansnbrst/merch-service/internal/merch/repository/pg_repository.go:246.16,248.3 1 0
cyansnbrst/merch-service/internal/merch/repository/pg_repository.go:249.2,249.12 1 0
cyansnbrst/merch-service/internal/merch/repository/pg_repository.go:253.94,258.16 4 0
cyansnbrst/merch-service/internal/merch/repository/pg_repository.go:258.16,259.27 1 0
cyansnbrst/merch-service/internal/merch/repository/pg_repository.go:259.27,261.4 1 0
cyansnbrst/merch-service/internal/merch/repository/pg_repository.go:262.3,262.64 1 0
cyansnbrst/merch-service/internal/merch/repository/pg_repository.go:265.2,265.20 1 0
cyansnbrst/merch-service/internal/merch/repository/redis_repository.go:21.93,25.2 1 0
cyansnbrst/merch-service/internal/merch/repository/redis_repository.go:28.92,30.16 2 0
cyansnbrst/merch-service/internal/merch/repository/redis_repository.go:30.16,31.23 1 0
cyansnbrst/merch-service/internal/merch/repository/redis_repository.go:31.23,33.4 1 0
cyansnbrst/merch-service/internal/merch/repository/redis_repository.go:34.3,34.18 1 0
cyansnbrst/merch-service/internal/merch/repository/redis_repository.go:37.2,38.56 2 0
cyansnbrst/merch-service/internal/merch/repository/redis_repository.go:38.56,40.3 1 0
cyansnbrst/merch-service/internal/merch/repository/redis_repository.go:42.2,42.19 1 0
cyansnbrst/merch-service/internal/merch/repository/redis_repository.go:46.95,48.16 2 0
cyansnbrst/merch-service/internal/merch/repository/redis_repository.go:48.16,50.3 1 0
cyansnbrst/merch-service/internal/merch/repository/redis_repository.go:52.2,52.90 1 0
cyansnbrst/merch-service/internal/merch/repository/redis_repository.go:52.90,54.3 1 0
cyansnbrst/merch-service/internal/merch/repository/redis_repository.go:56.2,56.12 1 0
cyansnbrst/merch-service/internal/merch/repository/redis_repository.go:60.76,61.58 1 0
cyansnbrst/merch-service/internal/merch/repository/redis_repository.go:61.58,63.3 1 0
cyansnbrst/merch-service/internal/merch/repository/redis_repository.go:64.2,64.12 1 0
cyansnbrst/merch-service/internal/merch/mock/pg_repository_mock.go:27.65,31.2 3 0
cyansnbrst/merch-service/internal/merch/mock/pg_repository_mock.go:34.63,36.2 1 0
cyansnbrst/merch-service/internal/merch/mock/pg_repository_mock.go:39.92,44.2 4 0
cyansnbrst/merch-service/internal/merch/mock/pg_repository_mock.go:47.95,50.2 2 0
cyansnbrst/merch-service/internal/merch/mock/pg_repository_mock.go:53.114,59.2 5 0
cyansnbrst/merch-service/internal/merch/mock/pg_repository_mock.go:62.98,65.2 2 0
cyansnbrst/merch-service/internal/merch/mock/pg_repository_mock.go:68.119,74.2 5 0
cyansnbrst/merch-service/internal/merch/mock/pg_repository_mock.go:77.99,80.2 2 0
cyansnbrst/merch-service/internal/merch/mock/pg_repository_mock.go:83.99,89.2 5 0
cyansnbrst/merch-service/internal/merch/mock/pg_repository_mock.go:92.99,95.2 2 0
cyansnbrst/merch-service/internal/merch/mock/pg_repository_mock.go:98.108,103.2 4 0
cyansnbrst/merch-service/internal/merch/mock/pg_repository_mock.go:106.105,109.2 2 0
cyansnbrst/merch-service/internal/merch/mock/redis_repository_mock.go:27.75,31.2 3 0
cyansnbrst/merch-service/internal/merch/mock/redis_repository_mock.go:34.73,36.2 1 0
cyansnbrst/merch-service/internal/merch/mock/redis_repository_mock.go:39.81,44.2 4 0
cyansnbrst/merch-service/internal/merch/mock/redis_repository_mock.go:47.90,50.2 2 0
cyansnbrst/merch-service/internal/merch/mock/redis_repository_mock.go:53.102,59.2 5 0
cyansnbrst/merch-service/internal/merch/mock/redis_repository_mock.go:62.87,65.2 2 0
cyansnbrst/merch-service/internal/merch/mock/redis_repository_mock.go:68.105,73.2 4 0
cyansnbrst/merch-service/internal/merch/mock/redis_repository_mock.go:76.93,79.2 2 0
cyansnbrst/merch-service/internal/merch/delivery/http/handlers.go:24.81,29.2 1 0
cyansnbrst/merch-service/internal/merch/delivery/http/handlers.go:32.55,34.16 2 0
cyansnbrst/merch-service/internal/merch/delivery/http/handlers.go:34.16,36.3 1 0
cyansnbrst/merch-service/internal/merch/delivery/http/handlers.go:38.2,39.16 2 0
cyansnbrst/merch-service/internal/merch/delivery/http/handlers.go:39.16,41.3 1 0
cyansnbrst/merch-service/internal/merch/delivery/http/handlers.go:43.2,43.40 1 0
cyansnbrst/merch-service/internal/merch/delivery/http/handlers.go:47.57,49.16 2 0
cyansnbrst/merch-service/internal/merch/delivery/http/handlers.go:49.16,51.3 1 0
cyansnbrst/merch-service/internal/merch/delivery/http/handlers.go:53.2,54.39 2 0
cyansnbrst/merch-service/internal/merch/delivery/http/handlers.go:54.39,56.3 1 0
cyansnbrst/merch-service/internal/merch/delivery/http/handlers.go:58.2,58.42 1 0
cyansnbrst/merch-service/internal/merch/delivery/http/handlers.go:58.42,60.3 1 0
cyansnbrst/merch-service/internal/merch/delivery/http/handlers.go:62.2,63.16 2 0
cyansnbrst/merch-service/internal/merch/delivery/http/handlers.go:63.16,64.127 1 0
cyansnbrst/merch-service/internal/merch/delivery/http/handlers.go:64.127,66.4 1 0
cyansnbrst/merch-service/internal/merch/delivery/http/handlers.go:67.3,67.50 1 0
cyansnbrst/merch-service/internal/merch/delivery/http/handlers.go:70.2,70.35 1 0
cyansnbrst/merch-service/internal/merch/delivery/http/handlers.go:74.55,76.16 2 0
cyansnbrst/merch-service/internal/merch/delivery/http/handlers.go:76.16,78.3 1 0
cyansnbrst/merch-service/internal/merch/delivery/http/handlers.go:80.2,83.16 3 0
cyansnbrst/merch-service/internal/merch/delivery/http/handlers.go:83.16,84.85 1 0
cyansnbrst/merch-service/internal/merch/delivery/http/handlers.go:84.85,86.4 1 0
cyansnbrst/merch-service/internal/merch/delivery/http/handlers.go:87.3,87.50 1 0
cyansnbrst/merch-service/internal/merch/delivery/http/handlers.go:90.2,90.35 1 0
cyansnbrst/merch-service/internal/merch/delivery/http/routes.go:10.59,14.2 3 0
cyansnbrst/merch-service/config/config.go:54.51,58.16 3 0
cyansnbrst/merch-service/config/config.go:58.16,60.3 1 0
cyansnbrst/merch-service/config/config.go:62.2,63.16 2 0
cyansnbrst/merch-service/config/config.go:63.16,65.3 1 0
cyansnbrst/merch-service/config/config.go:67.2,67.18 1 0
cyansnbrst/merch-service/internal/auth/mock/pg_repository_mock.go:27.65,31.2 3 1
cyansnbrst/merch-service/internal/auth/mock/pg_repository_mock.go:34.63,36.2 1 1
cyansnbrst/merch-service/internal/auth/mock/pg_repository_mock.go:39.111,45.2 5 1
cyansnbrst/merch-service/internal/auth/mock/pg_repository_mock.go:48.104,51.2 2 1
cyansnbrst/merch-service/internal/auth/mock/pg_repository_mock.go:54.104,60.2 5 1
cyansnbrst/merch-service/internal/auth/mock/pg_repository_mock.go:63.97,66.2 2 1
cyansnbrst/merch-service/internal/auth/usecase/usecase.go:27.80,32.2 1 1
cyansnbrst/merch-service/internal/auth/usecase/usecase.go:35.98,37.55 2 1
cyansnbrst/merch-service/internal/auth/usecase/usecase.go:37.55,39.3 1 1
cyansnbrst/merch-service/internal/auth/usecase/usecase.go:41.2,41.17 1 1
cyansnbrst/merch-service/internal/auth/usecase/usecase.go:41.17,43.17 2 1
cyansnbrst/merch-service/internal/auth/usecase/usecase.go:43.17,45.4 1 1
cyansnbrst/merch-service/internal/auth/usecase/usecase.go:46.8,47.60 1 1
cyansnbrst/merch-service/internal/auth/usecase/usecase.go:47.60,49.4 1 1
cyansnbrst/merch-service/internal/auth/usecase/usecase.go:52.2,52.28 1 1
cyansnbrst/merch-service/internal/auth/usecase/usecase.go:56.99,58.16 2 1
cyansnbrst/merch-service/internal/auth/usecase/usecase.go:58.16,60.3 1 0
cyansnbrst/merch-service/internal/auth/usecase/usecase.go:62.2,62.61 1 1
cyansnbrst/merch-service/internal/auth/usecase/usecase.go:66.77,68.16 2 1
cyansnbrst/merch-service/internal/auth/usecase/usecase.go:68.16,70.3 1 0
cyansnbrst/merch-service/internal/auth/usecase/usecase.go:71.2,71.12 1 1
cyansnbrst/merch-service/internal/auth/usecase/usecase.go:71.12,73.3 1 1
cyansnbrst/merch-service/internal/auth/usecase/usecase.go:74.2,74.12 1 1
cyansnbrst/merch-service/internal/auth/usecase/usecase.go:78.65,88.16 5 1
cyansnbrst/merch-service/internal/auth/usecase/usecase.go:88.16,90.3 1 0
cyansnbrst/merch-service/internal/auth/usecase/usecase.go:92.2,92.25 1 1
cyansnbrst/merch-service/internal/server/handlers.go:18.48,45.2 17 0
cyansnbrst/merch-service/internal/server/server.go:28.109,35.2 1 0
cyansnbrst/merch-service/internal/server/server.go:38.30,51.12 4 0
cyansnbrst/merch-service/internal/server/server.go:51.12,64.17 8 0
cyansnbrst/merch-service/internal/server/server.go:64.17,66.4 1 0
cyansnbrst/merch-service/internal/server/server.go:68.3,68.23 1 0
cyansnbrst/merch-service/internal/server/server.go:71.2,77.43 3 0
cyansnbrst/merch-service/internal/server/server.go:77.43,79.3 1 0
cyansnbrst/merch-service/internal/server/server.go:81.2,82.16 2 0
cyansnbrst/merch-service/internal/server/server.go:82.16,84.3 1 0
cyansnbrst/merch-service/internal/server/server.go:86.2,90.12 2 0
cyansnbrst/merch-service/pkg/auth/jwt/parsers.go:13.58,14.83 1 0
cyansnbrst/merch-service/pkg/auth/jwt/parsers.go:14.83,15.58 1 0
cyansnbrst/merch-service/pkg/auth/jwt/parsers.go:15.58,17.4 1 0
cyansnbrst/merch-service/pkg/auth/jwt/parsers.go:18.3,18.29 1 0
cyansnbrst/merch-service/pkg/auth/jwt/parsers.go:21.2,21.16 1 0
cyansnbrst/merch-service/pkg/auth/jwt/parsers.go:21.16,22.83 1 0
cyansnbrst/merch-service/pkg/auth/jwt/parsers.go:22.83,24.4 1 0
cyansnbrst/merch-service/pkg/auth/jwt/parsers.go:25.3,25.16 1 0
cyansnbrst/merch-service/pkg/auth/jwt/parsers.go:28.2,28.67 1 0
cyansnbrst/merch-service/pkg/auth/jwt/parsers.go:28.67,30.10 2 0
cyansnbrst/merch-service/pkg/auth/jwt/parsers.go:30.10,32.4 1 0
cyansnbrst/merch-service/pkg/auth/jwt/parsers.go:33.3,33.28 1 0
cyansnbrst/merch-service/pkg/auth/jwt/parsers.go:36.2,36.32 1 0
cyansnbrst/merch-service/internal/middleware/auth.go:15.73,16.36 1 0
cyansnbrst/merch-service/internal/middleware/auth.go:16.36,18.23 2 0
cyansnbrst/merch-service/internal/middleware/auth.go:18.23,20.4 1 0
cyansnbrst/merch-service/internal/middleware/auth.go:22.3,23.26 2 0
cyansnbrst/merch-service/internal/middleware/auth.go:23.26,25.4 1 0
cyansnbrst/merch-service/internal/middleware/auth.go:27.3,28.17 2 0
cyansnbrst/merch-service/internal/middleware/auth.go:28.17,29.44 1 0
cyansnbrst/merch-service/internal/middleware/auth.go:29.44,31.5 1 0
cyansnbrst/merch-service/internal/middleware/auth.go:32.4,32.52 1 0
cyansnbrst/merch-service/internal/middleware/auth.go:35.3,37.17 2 0
cyansnbrst/merch-service/internal/middleware/context.go:12.53,14.2 1 0
cyansnbrst/merch-service/internal/middleware/context.go:17.54,19.23 2 0
cyansnbrst/merch-service/internal/middleware/context.go:19.23,21.3 1 0
cyansnbrst/merch-service/internal/middleware/context.go:22.2,22.20 1 0
cyansnbrst/merch-service/internal/middleware/middlewares.go:16.66,21.2 1 0
cyansnbrst/merch-service/pkg/db/postgres/conn.go:13.56,25.16 3 0
cyansnbrst/merch-service/pkg/db/postgres/conn.go:25.16,27.3 1 0
cyansnbrst/merch-service/pkg/db/postgres/conn.go:29.2,32.16 3 0
cyansnbrst/merch-service/pkg/db/postgres/conn.go:32.16,34.3 1 0
cyansnbrst/merch-service/pkg/db/postgres/conn.go:36.2,39.39 3 0
cyansnbrst/merch-service/pkg/db/postgres/conn.go:39.39,41.3 1 0
cyansnbrst/merch-service/pkg/db/postgres/conn.go:43.2,43.18 1 0
cyansnbrst/merch-service/pkg/http_helpers/responses.go:23.57,29.2 1 0
cyansnbrst/merch-service/pkg/http_helpers/responses.go:32.74,34.2 1 0
cyansnbrst/merch-service/pkg/http_helpers/responses.go:37.74,40.2 2 0
cyansnbrst/merch-service/pkg/http_helpers/responses.go:43.58,45.2 1 0
cyansnbrst/merch-service/pkg/http_helpers/responses.go:48.55,50.2 1 0
cyansnbrst/merch-service/pkg/http_helpers/responses.go:53.63,55.2 1 0
cyansnbrst/merch-service/pkg/http_helpers/responses.go:58.59,60.2 1 0
cyansnbrst/merch-service/pkg/db/redis/conn.go:9.55,19.2 2 0
cyansnbrst/merch-service/pkg/db/redis/helpers.go:5.47,7.2 1 0
cyansnbrst/merch-service/pkg/validator/validator.go:13.44,16.2 2 0
cyansnbrst/merch-service/pkg/validator/validator.go:18.58,19.39 1 0
cyansnbrst/merch-service/pkg/validator/validator.go:19.39,25.3 3 0
cyansnbrst/merch-service/pkg/validator/validator.go:27.2,27.12 1 0
cyansnbrst/merch-service/config/config.go:54.51,58.16 3 0
cyansnbrst/merch-service/config/config.go:58.16,60.3 1 0
cyansnbrst/merch-service/config/config.go:62.2,63.16 2 0
cyansnbrst/merch-service/config/config.go:63.16,65.3 1 0
cyansnbrst/merch-service/config/config.go:67.2,67.18 1 0
cyansnbrst/merch-service/internal/merch/mock/pg_repository_mock.go:27.65,31.2 3 1
cyansnbrst/merch-service/internal/merch/mock/pg_repository_mock.go:34.63,36.2 1 1
cyansnbrst/merch-service/internal/merch/mock/pg_repository_mock.go:39.92,44.2 4 1
cyansnbrst/merch-service/internal/merch/mock/pg_repository_mock.go:47.95,50.2 2 1
cyansnbrst/merch-service/internal/merch/mock/pg_repository_mock.go:53.114,59.2 5 1
cyansnbrst/merch-service/internal/merch/mock/pg_repository_mock.go:62.98,65.2 2 1
cyansnbrst/merch-service/internal/merch/mock/pg_repository_mock.go:68.119,74.2 5 1
cyansnbrst/merch-service/internal/merch/mock/pg_repository_mock.go:77.99,80.2 2 1
cyansnbrst/merch-service/internal/merch/mock/pg_repository_mock.go:83.99,89.2 5 1
cyansnbrst/merch-service/internal/merch/mock/pg_repository_mock.go:92.99,95.2 2 1
cyansnbrst/merch-service/internal/merch/mock/pg_repository_mock.go:98.108,103.2 4 1
cyansnbrst/merch-service/internal/merch/mock/pg_repository_mock.go:106.105,109.2 2 1
cyansnbrst/merch-service/internal/merch/mock/redis_repository_mock.go:27.75,31.2 3 1
cyansnbrst/merch-service/internal/merch/mock/redis_repository_mock.go:34.73,36.2 1 1
cyansnbrst/merch-service/internal/merch/mock/redis_repository_mock.go:39.81,44.2 4 1
cyansnbrst/merch-service/internal/merch/mock/redis_repository_mock.go:47.90,50.2 2 1
cyansnbrst/merch-service/internal/merch/mock/redis_repository_mock.go:53.102,59.2 5 1
cyansnbrst/merch-service/internal/merch/mock/redis_repository_mock.go:62.87,65.2 2 1
cyansnbrst/merch-service/internal/merch/mock/redis_repository_mock.go:68.105,73.2 4 1
cyansnbrst/merch-service/internal/merch/mock/redis_repository_mock.go:76.93,79.2 2 1
cyansnbrst/merch-service/internal/merch/usecase/usecase.go:18.102,23.2 1 1
cyansnbrst/merch-service/internal/merch/usecase/usecase.go:26.87,30.16 3 1
cyansnbrst/merch-service/internal/merch/usecase/usecase.go:30.16,32.3 1 1
cyansnbrst/merch-service/internal/merch/usecase/usecase.go:34.2,34.23 1 1
cyansnbrst/merch-service/internal/merch/usecase/usecase.go:34.23,36.3 1 1
cyansnbrst/merch-service/internal/merch/usecase/usecase.go:38.2,39.16 2 1
cyansnbrst/merch-service/internal/merch/usecase/usecase.go:39.16,41.3 1 1
cyansnbrst/merch-service/internal/merch/usecase/usecase.go:43.2,44.16 2 1
cyansnbrst/merch-service/internal/merch/usecase/usecase.go:44.16,46.3 1 1
cyansnbrst/merch-service/internal/merch/usecase/usecase.go:48.2,56.65 2 1
cyansnbrst/merch-service/internal/merch/usecase/usecase.go:56.65,58.3 1 1
cyansnbrst/merch-service/internal/merch/usecase/usecase.go:60.2,60.18 1 1
cyansnbrst/merch-service/internal/merch/usecase/usecase.go:64.103,65.79 1 1
cyansnbrst/merch-service/internal/merch/usecase/usecase.go:65.79,67.3 1 1
cyansnbrst/merch-service/internal/merch/usecase/usecase.go:69.2,70.70 2 1
cyansnbrst/merch-service/internal/merch/usecase/usecase.go:70.70,73.3 1 1
cyansnbrst/merch-service/internal/merch/usecase/usecase.go:75.2,76.16 2 1
cyansnbrst/merch-service/internal/merch/usecase/usecase.go:76.16,78.3 1 1
cyansnbrst/merch-service/internal/merch/usecase/usecase.go:80.2,81.68 2 1
cyansnbrst/merch-service/internal/merch/usecase/usecase.go:81.68,83.3 1 1
cyansnbrst/merch-service/internal/merch/usecase/usecase.go:85.2,85.12 1 1
cyansnbrst/merch-service/internal/merch/usecase/usecase.go:89.81,90.63 1 1
cyansnbrst/merch-service/internal/merch/usecase/usecase.go:90.63,92.3 1 1
cyansnbrst/merch-service/internal/merch/usecase/usecase.go:94.2,95.62 2 1
cyansnbrst/merch-service/internal/merch/usecase/usecase.go:95.62,97.3 1 1
cyansnbrst/merch-service/internal/merch/usecase/usecase.go:99.2,99.12 1 1
cyansnbrst/merch-service/pkg/db/redis/conn.go:9.55,19.2 2 0
cyansnbrst/merch-service/pkg/db/redis/helpers.go:5.47,7.2 1 1
cyansnbrst/merch-service/config/config.go:54.51,58.16 3 1
cyansnbrst/merch-service/config/config.go:58.16,60.3 1 0
cyansnbrst/merch-service/config/config.go:62.2,63.16 2 1
cyansnbrst/merch-service/config/config.go:63.16,65.3 1 0
cyansnbrst/merch-service/config/config.go:67.2,67.18 1 1
cyansnbrst/merch-service/internal/auth/delivery/http/handlers.go:23.77,28.2 1 1
cyansnbrst/merch-service/internal/auth/delivery/http/handlers.go:31.59,33.39 2 1
cyansnbrst/merch-service/internal/auth/delivery/http/handlers.go:33.39,35.3 1 0
cyansnbrst/merch-service/internal/auth/delivery/http/handlers.go:37.2,37.42 1 1
cyansnbrst/merch-service/internal/auth/delivery/http/handlers.go:37.42,39.3 1 0
cyansnbrst/merch-service/internal/auth/delivery/http/handlers.go:41.2,42.16 2 1
cyansnbrst/merch-service/internal/auth/delivery/http/handlers.go:42.16,43.51 1 1
cyansnbrst/merch-service/internal/auth/delivery/http/handlers.go:43.51,45.4 1 1
cyansnbrst/merch-service/internal/auth/delivery/http/handlers.go:46.3,46.50 1 0
cyansnbrst/merch-service/internal/auth/delivery/http/handlers.go:49.2,49.60 1 1
cyansnbrst/merch-service/internal/auth/delivery/http/routes.go:10.57,12.2 1 1
cyansnbrst/merch-service/internal/auth/repository/pg_repository.go:22.52,24.2 1 1
cyansnbrst/merch-service/internal/auth/repository/pg_repository.go:27.100,42.16 4 1
cyansnbrst/merch-service/internal/auth/repository/pg_repository.go:42.16,44.3 1 0
cyansnbrst/merch-service/internal/auth/repository/pg_repository.go:46.2,46.19 1 1
cyansnbrst/merch-service/internal/auth/repository/pg_repository.go:50.93,65.16 4 1
cyansnbrst/merch-service/internal/auth/repository/pg_repository.go:65.16,66.36 1 1
cyansnbrst/merch-service/internal/auth/repository/pg_repository.go:66.36,68.4 1 1
cyansnbrst/merch-service/internal/auth/repository/pg_repository.go:69.3,69.63 1 0
cyansnbrst/merch-service/internal/auth/repository/pg_repository.go:72.2,72.19 1 1
cyansnbrst/merch-service/internal/merch/delivery/http/handlers.go:24.81,29.2 1 1
cyansnbrst/merch-service/internal/merch/delivery/http/handlers.go:32.55,34.16 2 1
cyansnbrst/merch-service/internal/merch/delivery/http/handlers.go:34.16,36.3 1 0
cyansnbrst/merch-service/internal/merch/delivery/http/handlers.go:38.2,39.16 2 1
cyansnbrst/merch-service/internal/merch/delivery/http/handlers.go:39.16,41.3 1 0
cyansnbrst/merch-service/internal/merch/delivery/http/handlers.go:43.2,43.40 1 1
cyansnbrst/merch-service/internal/merch/delivery/http/handlers.go:47.57,49.16 2 1
cyansnbrst/merch-service/internal/merch/delivery/http/handlers.go:49.16,51.3 1 0
cyansnbrst/merch-service/internal/merch/delivery/http/handlers.go:53.2,54.39 2 1
cyansnbrst/merch-service/internal/merch/delivery/http/handlers.go:54.39,56.3 1 1
cyansnbrst/merch-service/internal/merch/delivery/http/handlers.go:58.2,58.42 1 1
cyansnbrst/merch-service/internal/merch/delivery/http/handlers.go:58.42,60.3 1 1
cyansnbrst/merch-service/internal/merch/delivery/http/handlers.go:62.2,63.16 2 1
cyansnbrst/merch-service/internal/merch/delivery/http/handlers.go:63.16,64.127 1 1
cyansnbrst/merch-service/internal/merch/delivery/http/handlers.go:64.127,66.4 1 1
cyansnbrst/merch-service/internal/merch/delivery/http/handlers.go:67.3,67.50 1 0
cyansnbrst/merch-service/internal/merch/delivery/http/handlers.go:70.2,70.35 1 1
cyansnbrst/merch-service/internal/merch/delivery/http/handlers.go:74.55,76.16 2 1
cyansnbrst/merch-service/internal/merch/delivery/http/handlers.go:76.16,78.3 1 0
cyansnbrst/merch-service/internal/merch/delivery/http/handlers.go:80.2,83.16 3 1
cyansnbrst/merch-service/internal/merch/delivery/http/handlers.go:83.16,84.85 1 1
cyansnbrst/merch-service/internal/merch/delivery/http/handlers.go:84.85,86.4 1 1
cyansnbrst/merch-service/internal/merch/delivery/http/handlers.go:87.3,87.50 1 0
cyansnbrst/merch-service/internal/merch/delivery/http/handlers.go:90.2,90.35 1 1
cyansnbrst/merch-service/internal/merch/delivery/http/routes.go:10.59,14.2 3 1
cyansnbrst/merch-service/internal/merch/repository/pg_repository.go:22.54,24.2 1 1
cyansnbrst/merch-service/internal/merch/repository/pg_repository.go:27.104,37.16 3 1
cyansnbrst/merch-service/internal/merch/repository/pg_repository.go:37.16,39.3 1 0
cyansnbrst/merch-service/internal/merch/repository/pg_repository.go:40.2,44.18 4 1
cyansnbrst/merch-service/internal/merch/repository/pg_repository.go:44.18,47.65 3 1
cyansnbrst/merch-service/internal/merch/repository/pg_repository.go:47.65,49.4 1 0
cyansnbrst/merch-service/internal/merch/repository/pg_repository.go:51.3,51.22 1 1
cyansnbrst/merch-service/internal/merch/repository/pg_repository.go:51.22,56.4 1 1
cyansnbrst/merch-service/internal/merch/repository/pg_repository.go:59.2,62.8 1 1
cyansnbrst/merch-service/internal/merch/repository/pg_repository.go:66.109,80.16 3 1
cyansnbrst/merch-service/internal/merch/repository/pg_repository.go:80.16,82.3 1 0
cyansnbrst/merch-service/internal/merch/repository/pg_repository.go:83.2,90.18 3 1
cyansnbrst/merch-service/internal/merch/repository/pg_repository.go:90.18,97.64 2 1
cyansnbrst/merch-service/internal/merch/repository/pg_repository.go:97.64,99.4 1 0
cyansnbrst/merch-service/internal/merch/repository/pg_repository.go:101.3,101.17 1 1
cyansnbrst/merch-service/internal/merch/repository/pg_repository.go:102.19,106.6 1 1
cyansnbrst/merch-service/internal/merch/repository/pg_repository.go:107.15,111.6 1 1
cyansnbrst/merch-service/internal/merch/repository/pg_repository.go:115.2,115.21 1 1
cyansnbrst/merch-service/internal/merch/repository/pg_repository.go:119.103,120.45 1 1
cyansnbrst/merch-service/internal/merch/repository/pg_repository.go:120.45,129.17 4 1
cyansnbrst/merch-service/internal/merch/repository/pg_repository.go:129.17,130.28 1 1
cyansnbrst/merch-service/internal/merch/repository/pg_repository.go:130.28,132.5 1 1
cyansnbrst/merch-service/internal/merch/repository/pg_repository.go:133.4,133.76 1 0
cyansnbrst/merch-service/internal/merch/repository/pg_repository.go:136.3,136.27 1 1
cyansnbrst/merch-service/internal/merch/repository/pg_repository.go:136.27,138.4 1 1
cyansnbrst/merch-service/internal/merch/repository/pg_repository.go:140.3,140.30 1 1
cyansnbrst/merch-service/internal/merch/repository/pg_repository.go:140.30,142.4 1 1
cyansnbrst/merch-service/internal/merch/repository/pg_repository.go:144.3,144.69 1 1
cyansnbrst/merch-service/internal/merch/repository/pg_repository.go:144.69,146.4 1 0
cyansnbrst/merch-service/internal/merch/repository/pg_repository.go:148.3,148.68 1 1
cyansnbrst/merch-service/internal/merch/repository/pg_repository.go:148.68,150.4 1 0
cyansnbrst/merch-service/internal/merch/repository/pg_repository.go:152.3,152.82 1 1
cyansnbrst/merch-service/internal/merch/repository/pg_repository.go:152.82,154.4 1 0
cyansnbrst/merch-service/internal/merch/repository/pg_repository.go:156.3,156.13 1 1
cyansnbrst/merch-service/internal/merch/repository/pg_repository.go:161.87,162.45 1 1
cyansnbrst/merch-service/internal/merch/repository/pg_repository.go:162.45,171.17 4 1
cyansnbrst/merch-service/internal/merch/repository/pg_repository.go:171.17,172.28 1 1
cyansnbrst/merch-service/internal/merch/repository/pg_repository.go:172.28,174.5 1 1
cyansnbrst/merch-service/internal/merch/repository/pg_repository.go:175.4,175.71 1 0
cyansnbrst/merch-service/internal/merch/repository/pg_repository.go:178.3,178.22 1 1
cyansnbrst/merch-service/internal/merch/repository/pg_repository.go:178.22,180.4 1 1
cyansnbrst/merch-service/internal/merch/repository/pg_repository.go:182.3,182.66 1 1
cyansnbrst/merch-service/internal/merch/repository/pg_repository.go:182.66,184.4 1 0
cyansnbrst/merch-service/internal/merch/repository/pg_repository.go:186.3,192.17 3 1
cyansnbrst/merch-service/internal/merch/repository/pg_repository.go:192.17,194.4 1 0
cyansnbrst/merch-service/internal/merch/repository/pg_repository.go:196.3,196.13 1 1
cyansnbrst/merch-service/internal/merch/repository/pg_repository.go:201.81,203.16 2 1
cyansnbrst/merch-service/internal/merch/repository/pg_repository.go:203.16,205.3 1 0
cyansnbrst/merch-service/internal/merch/repository/pg_repository.go:206.2,206.15 1 1
cyansnbrst/merch-service/internal/merch/repository/pg_repository.go:206.15,207.42 1 1
cyansnbrst/merch-service/internal/merch/repository/pg_repository.go:207.42,208.30 1 1
cyansnbrst/merch-service/internal/merch/repository/pg_repository.go:208.30,210.5 1 0
cyansnbrst/merch-service/internal/merch/repository/pg_repository.go:214.2,214.31 1 1
cyansnbrst/merch-service/internal/merch/repository/pg_repository.go:214.31,216.3 1 1
cyansnbrst/merch-service/internal/merch/repository/pg_repository.go:218.2,218.39 1 1
cyansnbrst/merch-service/internal/merch/repository/pg_repository.go:218.39,220.3 1 0
cyansnbrst/merch-service/internal/merch/repository/pg_repository.go:222.2,222.12 1 1
cyansnbrst/merch-service/internal/merch/repository/pg_repository.go:226.95,233.16 3 1
cyansnbrst/merch-service/internal/merch/repository/pg_repository.go:233.16,235.3 1 0
cyansnbrst/merch-service/internal/merch/repository/pg_repository.go:236.2,236.12 1 1
cyansnbrst/merch-service/internal/merch/repository/pg_repository.go:240.109,246.16 3 1
cyansnbrst/merch-service/internal/merch/repository/pg_repository.go:246.16,248.3 1 0
cyansnbrst/merch-service/internal/merch/repository/pg_repository.go:249.2,249.12 1 1
cyansnbrst/merch-service/internal/merch/repository/pg_repository.go:253.94,258.16 4 1
cyansnbrst/merch-service/internal/merch/repository/pg_repository.go:258.16,259.27 1 0
cyansnbrst/merch-service/internal/merch/repository/pg_repository.go:259.27,261.4 1 0
cyansnbrst/merch-service/internal/merch/repository/pg_repository.go:262.3,262.64 1 0
cyansnbrst/merch-service/internal/merch/repository/pg_repository.go:265.2,265.20 1 1
cyansnbrst/merch-service/internal/merch/repository/redis_repository.go:21.93,25.2 1 1
cyansnbrst/merch-service/internal/merch/repository/redis_repository.go:28.92,30.16 2 1
cyansnbrst/merch-service/internal/merch/repository/redis_repository.go:30.16,31.23 1 1
cyansnbrst/merch-service/internal/merch/repository/redis_repository.go:31.23,33.4 1 1
cyansnbrst/merch-service/internal/merch/repository/redis_repository.go:34.3,34.18 1 0
cyansnbrst/merch-service/internal/merch/repository/redis_repository.go:37.2,38.56 2 0
cyansnbrst/merch-service/internal/merch/repository/redis_repository.go:38.56,40.3 1 0
cyansnbrst/merch-service/internal/merch/repository/redis_repository.go:42.2,42.19 1 0
cyansnbrst/merch-service/internal/merch/repository/redis_repository.go:46.95,48.16 2 1
cyansnbrst/merch-service/internal/merch/repository/redis_repository.go:48.16,50.3 1 0
cyansnbrst/merch-service/internal/merch/repository/redis_repository.go:52.2,52.90 1 1
cyansnbrst/merch-service/internal/merch/repository/redis_repository.go:52.90,54.3 1 0
cyansnbrst/merch-service/internal/merch/repository/redis_repository.go:56.2,56.12 1 1
cyansnbrst/merch-service/internal/merch/repository/redis_repository.go:60.76,61.58 1 1
cyansnbrst/merch-service/internal/merch/repository/redis_repository.go:61.58,63.3 1 0
cyansnbrst/merch-service/internal/merch/repository/redis_repository.go:64.2,64.12 1 1
cyansnbrst/merch-service/internal/middleware/auth.go:15.73,16.36 1 1
cyansnbrst/merch-service/internal/middleware/auth.go:16.36,18.23 2 1
cyansnbrst/merch-service/internal/middleware/auth.go:18.23,20.4 1 1
cyansnbrst/merch-service/internal/middleware/auth.go:22.3,23.26 2 1
cyansnbrst/merch-service/internal/middleware/auth.go:23.26,25.4 1 0
cyansnbrst/merch-service/internal/middleware/auth.go:27.3,28.17 2 1
cyansnbrst/merch-service/internal/middleware/auth.go:28.17,29.44 1 0
cyansnbrst/merch-service/internal/middleware/auth.go:29.44,31.5 1 0
cyansnbrst/merch-service/internal/middleware/auth.go:32.4,32.52 1 0
cyansnbrst/merch-service/internal/middleware/auth.go:35.3,37.17 2 1
cyansnbrst/merch-service/internal/middleware/context.go:12.53,14.2 1 1
cyansnbrst/merch-service/internal/middleware/context.go:17.54,19.23 2 1
cyansnbrst/merch-service/internal/middleware/context.go:19.23,21.3 1 0
cyansnbrst/merch-service/internal/middleware/context.go:22.2,22.20 1 1
cyansnbrst/merch-service/internal/middleware/middlewares.go:16.66,21.2 1 1
cyansnbrst/merch-service/internal/server/handlers.go:18.48,45.2 17 1
cyansnbrst/merch-service/internal/server/server.go:28.109,35.2 1 1
cyansnbrst/merch-service/internal/server/server.go:38.30,51.12 4 0
cyansnbrst/merch-service/internal/server/server.go:51.12,64.17 8 0
cyansnbrst/merch-service/internal/server/server.go:64.17,66.4 1 0
cyansnbrst/merch-service/internal/server/server.go:68.3,68.23 1 0
cyansnbrst/merch-service/internal/server/server.go:71.2,77.43 3 0
cyansnbrst/merch-service/internal/server/server.go:77.43,79.3 1 0
cyansnbrst/merch-service/internal/server/server.go:81.2,82.16 2 0
cyansnbrst/merch-service/internal/server/server.go:82.16,84.3 1 0
cyansnbrst/merch-service/internal/server/server.go:86.2,90.12 2 0
cyansnbrst/merch-service/pkg/auth/jwt/parsers.go:13.58,14.83 1 1
cyansnbrst/merch-service/pkg/auth/jwt/parsers.go:14.83,15.58 1 1
cyansnbrst/merch-service/pkg/auth/jwt/parsers.go:15.58,17.4 1 0
cyansnbrst/merch-service/pkg/auth/jwt/parsers.go:18.3,18.29 1 1
cyansnbrst/merch-service/pkg/auth/jwt/parsers.go:21.2,21.16 1 1
cyansnbrst/merch-service/pkg/auth/jwt/parsers.go:21.16,22.83 1 0
cyansnbrst/merch-service/pkg/auth/jwt/parsers.go:22.83,24.4 1 0
cyansnbrst/merch-service/pkg/auth/jwt/parsers.go:25.3,25.16 1 0
cyansnbrst/merch-service/pkg/auth/jwt/parsers.go:28.2,28.67 1 1
cyansnbrst/merch-service/pkg/auth/jwt/parsers.go:28.67,30.10 2 1
cyansnbrst/merch-service/pkg/auth/jwt/parsers.go:30.10,32.4 1 0
cyansnbrst/merch-service/pkg/auth/jwt/parsers.go:33.3,33.28 1 1
cyansnbrst/merch-service/pkg/auth/jwt/parsers.go:36.2,36.32 1 0
cyansnbrst/merch-service/pkg/db/redis/conn.go:9.55,19.2 2 0
cyansnbrst/merch-service/pkg/db/redis/helpers.go:5.47,7.2 1 1
cyansnbrst/merch-service/pkg/http_helpers/responses.go:23.57,29.2 1 0
cyansnbrst/merch-service/pkg/http_helpers/responses.go:32.74,34.2 1 1
cyansnbrst/merch-service/pkg/http_helpers/responses.go:37.74,40.2 2 0
cyansnbrst/merch-service/pkg/http_helpers/responses.go:43.58,45.2 1 1
cyansnbrst/merch-service/pkg/http_helpers/responses.go:48.55,50.2 1 1
cyansnbrst/merch-service/pkg/http_helpers/responses.go:53.63,55.2 1 0
cyansnbrst/merch-service/pkg/http_helpers/responses.go:58.59,60.2 1 1
cyansnbrst/merch-service/pkg/validator/validator.go:13.44,16.2 2 1
cyansnbrst/merch-service/pkg/validator/validator.go:18.58,19.39 1 1
cyansnbrst/merch-service/pkg/validator/validator.go:19.39,25.3 3 1
cyansnbrst/merch-service/pkg/validator/validator.go:27.2,27.12 1 1
cyansnbrst/merch-service/tests/setup.go:35.38,55.37 7 1
cyansnbrst/merch-service/tests/setup.go:55.37,58.3 2 1
cyansnbrst/merch-service/tests/setup.go:59.2,67.32 6 1
cyansnbrst/merch-service/tests/setup.go:67.32,70.17 3 1
cyansnbrst/merch-service/tests/setup.go:70.17,72.4 1 0
cyansnbrst/merch-service/tests/setup.go:73.3,74.26 2 1
cyansnbrst/merch-service/tests/setup.go:76.2,83.37 3 1
cyansnbrst/merch-service/tests/setup.go:83.37,86.3 2 1
cyansnbrst/merch-service/tests/setup.go:87.2,97.32 6 1
cyansnbrst/merch-service/tests/setup.go:97.32,100.3 2 1
cyansnbrst/merch-service/tests/setup.go:101.2,109.26 7 1
cyansnbrst/merch-service/tests/setup.go:112.53,129.2 9 1
cyansnbrst/merch-service/tests/setup.go:131.41,132.21 1 1
cyansnbrst/merch-service/tests/setup.go:132.21,134.3 1 1
cyansnbrst/merch-service/tests/setup.go:136.2,136.26 1 1
cyansnbrst/merch-service/tests/setup.go:136.26,138.3 1 1
cyansnbrst/merch-service/tests/setup.go:140.2,140.24 1 1
cyansnbrst/merch-service/tests/setup.go:140.24,142.17 2 1
cyansnbrst/merch-service/tests/setup.go:142.17,144.4 1 0
cyansnbrst/merch-service/tests/setup.go:147.2,147.29 1 1
cyansnbrst/merch-service/tests/setup.go:147.29,149.17 2 1
cyansnbrst/merch-service/tests/setup.go:149.17,151.4 1 0
